C:\USERS\ADAM\DOCUMENTS\UNI\SOFTWARE PROGRAMMING\ASSIGNMENT 1\ASSIGNMENT 1 - BLACKJACK\ASSIGNMENT 1 - BLACKJACK\DEBUG\VC110.PDB
C:\USERS\ADAM\DOCUMENTS\UNI\SOFTWARE PROGRAMMING\ASSIGNMENT 1\ASSIGNMENT 1 - BLACKJACK\ASSIGNMENT 1 - BLACKJACK\DEBUG\SOURCE.OBJ
C:\USERS\ADAM\DOCUMENTS\UNI\SOFTWARE PROGRAMMING\ASSIGNMENT 1\ASSIGNMENT 1 - BLACKJACK\DEBUG\ASSIGNMENT 1 - BLACKJACK.ILK
C:\USERS\ADAM\DOCUMENTS\UNI\SOFTWARE PROGRAMMING\ASSIGNMENT 1\ASSIGNMENT 1 - BLACKJACK\DEBUG\ASSIGNMENT 1 - BLACKJACK.EXE
C:\USERS\ADAM\DOCUMENTS\UNI\SOFTWARE PROGRAMMING\ASSIGNMENT 1\ASSIGNMENT 1 - BLACKJACK\DEBUG\ASSIGNMENT 1 - BLACKJACK.PDB
C:\Users\Adam\Documents\Uni\Software Programming\Assignment 1\Assignment 1 - BlackJack\Assignment 1 - BlackJack\Debug\Source.obj
C:\Users\Adam\Documents\Uni\Software Programming\Assignment 1\Assignment 1 - BlackJack\Assignment 1 - BlackJack\Debug\cl.command.1.tlog
C:\Users\Adam\Documents\Uni\Software Programming\Assignment 1\Assignment 1 - BlackJack\Assignment 1 - BlackJack\Debug\CL.read.1.tlog
C:\Users\Adam\Documents\Uni\Software Programming\Assignment 1\Assignment 1 - BlackJack\Assignment 1 - BlackJack\Debug\CL.write.1.tlog
C:\Users\Adam\Documents\Uni\Software Programming\Assignment 1\Assignment 1 - BlackJack\Assignment 1 - BlackJack\Debug\link-cvtres.read.1.tlog
C:\Users\Adam\Documents\Uni\Software Programming\Assignment 1\Assignment 1 - BlackJack\Assignment 1 - BlackJack\Debug\link-cvtres.write.1.tlog
C:\Users\Adam\Documents\Uni\Software Programming\Assignment 1\Assignment 1 - BlackJack\Assignment 1 - BlackJack\Debug\link-rc.read.1.tlog
C:\Users\Adam\Documents\Uni\Software Programming\Assignment 1\Assignment 1 - BlackJack\Assignment 1 - BlackJack\Debug\link-rc.write.1.tlog
C:\Users\Adam\Documents\Uni\Software Programming\Assignment 1\Assignment 1 - BlackJack\Assignment 1 - BlackJack\Debug\link.1272-cvtres.read.1.tlog
C:\Users\Adam\Documents\Uni\Software Programming\Assignment 1\Assignment 1 - BlackJack\Assignment 1 - BlackJack\Debug\link.1272-cvtres.write.1.tlog
C:\Users\Adam\Documents\Uni\Software Programming\Assignment 1\Assignment 1 - BlackJack\Assignment 1 - BlackJack\Debug\link.1272-rc.read.1.tlog
C:\Users\Adam\Documents\Uni\Software Programming\Assignment 1\Assignment 1 - BlackJack\Assignment 1 - BlackJack\Debug\link.1272-rc.write.1.tlog
C:\Users\Adam\Documents\Uni\Software Programming\Assignment 1\Assignment 1 - BlackJack\Assignment 1 - BlackJack\Debug\link.1272.read.1.tlog
C:\Users\Adam\Documents\Uni\Software Programming\Assignment 1\Assignment 1 - BlackJack\Assignment 1 - BlackJack\Debug\link.1272.write.1.tlog
C:\Users\Adam\Documents\Uni\Software Programming\Assignment 1\Assignment 1 - BlackJack\Assignment 1 - BlackJack\Debug\link.command.1.tlog
C:\Users\Adam\Documents\Uni\Software Programming\Assignment 1\Assignment 1 - BlackJack\Assignment 1 - BlackJack\Debug\link.read.1.tlog
C:\Users\Adam\Documents\Uni\Software Programming\Assignment 1\Assignment 1 - BlackJack\Assignment 1 - BlackJack\Debug\link.write.1.tlog
C:\Users\Adam\Documents\Uni\Software Programming\Assignment 1\Assignment 1 - BlackJack\Assignment 1 - BlackJack\Debug\vc110.idb
C:\Users\Adam\Documents\Uni\Software Programming\Assignment 1\Assignment 1 - BlackJack\Assignment 1 - BlackJack\Debug\vc110.pdb
C:\Users\Adam\Documents\Uni\Software Programming\Assignment 1\Assignment 1 - BlackJack\Debug\Assignment 1 - BlackJack.pdb
C:\Users\Adam\Documents\Uni\Software Programming\Assignment 1\Assignment 1 - BlackJack\Debug\Assignment 1 - BlackJack.exe
C:\Users\Adam\Documents\Uni\Software Programming\Assignment 1\Assignment 1 - BlackJack\Debug\Assignment 1 - BlackJack.ilk
